[2024-10-05T20:20:24.018+0000] {processor.py:186} INFO - Started process (PID=245) to work on /opt/airflow/dags/common/constants.py
[2024-10-05T20:20:24.020+0000] {processor.py:914} INFO - Processing file /opt/airflow/dags/common/constants.py for tasks to queue
[2024-10-05T20:20:24.024+0000] {logging_mixin.py:190} INFO - [2024-10-05T20:20:24.023+0000] {dagbag.py:588} INFO - Filling up the DagBag from /opt/airflow/dags/common/constants.py
[2024-10-05T20:20:24.027+0000] {processor.py:927} WARNING - No viable dags retrieved from /opt/airflow/dags/common/constants.py
[2024-10-05T20:20:24.050+0000] {processor.py:208} INFO - Processing /opt/airflow/dags/common/constants.py took 0.041 seconds
[2024-10-05T20:20:56.230+0000] {processor.py:186} INFO - Started process (PID=292) to work on /opt/airflow/dags/common/constants.py
[2024-10-05T20:20:56.232+0000] {processor.py:914} INFO - Processing file /opt/airflow/dags/common/constants.py for tasks to queue
[2024-10-05T20:20:56.236+0000] {logging_mixin.py:190} INFO - [2024-10-05T20:20:56.235+0000] {dagbag.py:588} INFO - Filling up the DagBag from /opt/airflow/dags/common/constants.py
[2024-10-05T20:20:56.239+0000] {processor.py:927} WARNING - No viable dags retrieved from /opt/airflow/dags/common/constants.py
[2024-10-05T20:20:56.262+0000] {processor.py:208} INFO - Processing /opt/airflow/dags/common/constants.py took 0.041 seconds
[2024-10-05T20:21:28.532+0000] {processor.py:186} INFO - Started process (PID=341) to work on /opt/airflow/dags/common/constants.py
[2024-10-05T20:21:28.534+0000] {processor.py:914} INFO - Processing file /opt/airflow/dags/common/constants.py for tasks to queue
[2024-10-05T20:21:28.541+0000] {logging_mixin.py:190} INFO - [2024-10-05T20:21:28.538+0000] {dagbag.py:588} INFO - Filling up the DagBag from /opt/airflow/dags/common/constants.py
[2024-10-05T20:21:28.543+0000] {processor.py:927} WARNING - No viable dags retrieved from /opt/airflow/dags/common/constants.py
[2024-10-05T20:21:28.562+0000] {processor.py:208} INFO - Processing /opt/airflow/dags/common/constants.py took 0.037 seconds
[2024-10-05T20:22:00.623+0000] {processor.py:186} INFO - Started process (PID=389) to work on /opt/airflow/dags/common/constants.py
[2024-10-05T20:22:00.624+0000] {processor.py:914} INFO - Processing file /opt/airflow/dags/common/constants.py for tasks to queue
[2024-10-05T20:22:00.627+0000] {logging_mixin.py:190} INFO - [2024-10-05T20:22:00.626+0000] {dagbag.py:588} INFO - Filling up the DagBag from /opt/airflow/dags/common/constants.py
[2024-10-05T20:22:00.629+0000] {processor.py:927} WARNING - No viable dags retrieved from /opt/airflow/dags/common/constants.py
[2024-10-05T20:22:00.645+0000] {processor.py:208} INFO - Processing /opt/airflow/dags/common/constants.py took 0.030 seconds
[2024-10-05T20:22:32.718+0000] {processor.py:186} INFO - Started process (PID=437) to work on /opt/airflow/dags/common/constants.py
[2024-10-05T20:22:32.720+0000] {processor.py:914} INFO - Processing file /opt/airflow/dags/common/constants.py for tasks to queue
[2024-10-05T20:22:32.724+0000] {logging_mixin.py:190} INFO - [2024-10-05T20:22:32.724+0000] {dagbag.py:588} INFO - Filling up the DagBag from /opt/airflow/dags/common/constants.py
[2024-10-05T20:22:32.727+0000] {processor.py:927} WARNING - No viable dags retrieved from /opt/airflow/dags/common/constants.py
[2024-10-05T20:22:32.747+0000] {processor.py:208} INFO - Processing /opt/airflow/dags/common/constants.py took 0.037 seconds
[2024-10-05T20:23:04.716+0000] {processor.py:186} INFO - Started process (PID=485) to work on /opt/airflow/dags/common/constants.py
[2024-10-05T20:23:04.718+0000] {processor.py:914} INFO - Processing file /opt/airflow/dags/common/constants.py for tasks to queue
[2024-10-05T20:23:04.722+0000] {logging_mixin.py:190} INFO - [2024-10-05T20:23:04.721+0000] {dagbag.py:588} INFO - Filling up the DagBag from /opt/airflow/dags/common/constants.py
[2024-10-05T20:23:04.724+0000] {processor.py:927} WARNING - No viable dags retrieved from /opt/airflow/dags/common/constants.py
[2024-10-05T20:23:04.740+0000] {processor.py:208} INFO - Processing /opt/airflow/dags/common/constants.py took 0.031 seconds
[2024-10-05T20:23:36.749+0000] {processor.py:186} INFO - Started process (PID=533) to work on /opt/airflow/dags/common/constants.py
[2024-10-05T20:23:36.752+0000] {processor.py:914} INFO - Processing file /opt/airflow/dags/common/constants.py for tasks to queue
[2024-10-05T20:23:36.755+0000] {logging_mixin.py:190} INFO - [2024-10-05T20:23:36.755+0000] {dagbag.py:588} INFO - Filling up the DagBag from /opt/airflow/dags/common/constants.py
[2024-10-05T20:23:36.758+0000] {processor.py:927} WARNING - No viable dags retrieved from /opt/airflow/dags/common/constants.py
[2024-10-05T20:23:36.773+0000] {processor.py:208} INFO - Processing /opt/airflow/dags/common/constants.py took 0.031 seconds
[2024-10-05T20:24:08.699+0000] {processor.py:186} INFO - Started process (PID=584) to work on /opt/airflow/dags/common/constants.py
[2024-10-05T20:24:08.700+0000] {processor.py:914} INFO - Processing file /opt/airflow/dags/common/constants.py for tasks to queue
[2024-10-05T20:24:08.704+0000] {logging_mixin.py:190} INFO - [2024-10-05T20:24:08.704+0000] {dagbag.py:588} INFO - Filling up the DagBag from /opt/airflow/dags/common/constants.py
[2024-10-05T20:24:08.706+0000] {processor.py:927} WARNING - No viable dags retrieved from /opt/airflow/dags/common/constants.py
[2024-10-05T20:24:08.727+0000] {processor.py:208} INFO - Processing /opt/airflow/dags/common/constants.py took 0.038 seconds
[2024-10-05T20:24:40.618+0000] {processor.py:186} INFO - Started process (PID=756) to work on /opt/airflow/dags/common/constants.py
[2024-10-05T20:24:40.620+0000] {processor.py:914} INFO - Processing file /opt/airflow/dags/common/constants.py for tasks to queue
[2024-10-05T20:24:40.623+0000] {logging_mixin.py:190} INFO - [2024-10-05T20:24:40.623+0000] {dagbag.py:588} INFO - Filling up the DagBag from /opt/airflow/dags/common/constants.py
[2024-10-05T20:24:40.627+0000] {processor.py:927} WARNING - No viable dags retrieved from /opt/airflow/dags/common/constants.py
[2024-10-05T20:24:40.659+0000] {processor.py:208} INFO - Processing /opt/airflow/dags/common/constants.py took 0.050 seconds
[2024-10-05T20:25:12.630+0000] {processor.py:186} INFO - Started process (PID=804) to work on /opt/airflow/dags/common/constants.py
[2024-10-05T20:25:12.630+0000] {processor.py:914} INFO - Processing file /opt/airflow/dags/common/constants.py for tasks to queue
[2024-10-05T20:25:12.633+0000] {logging_mixin.py:190} INFO - [2024-10-05T20:25:12.633+0000] {dagbag.py:588} INFO - Filling up the DagBag from /opt/airflow/dags/common/constants.py
[2024-10-05T20:25:12.635+0000] {processor.py:927} WARNING - No viable dags retrieved from /opt/airflow/dags/common/constants.py
[2024-10-05T20:25:12.650+0000] {processor.py:208} INFO - Processing /opt/airflow/dags/common/constants.py took 0.028 seconds
[2024-10-05T20:25:44.854+0000] {processor.py:186} INFO - Started process (PID=852) to work on /opt/airflow/dags/common/constants.py
[2024-10-05T20:25:44.856+0000] {processor.py:914} INFO - Processing file /opt/airflow/dags/common/constants.py for tasks to queue
[2024-10-05T20:25:44.860+0000] {logging_mixin.py:190} INFO - [2024-10-05T20:25:44.859+0000] {dagbag.py:588} INFO - Filling up the DagBag from /opt/airflow/dags/common/constants.py
[2024-10-05T20:25:44.863+0000] {processor.py:927} WARNING - No viable dags retrieved from /opt/airflow/dags/common/constants.py
[2024-10-05T20:25:44.885+0000] {processor.py:208} INFO - Processing /opt/airflow/dags/common/constants.py took 0.047 seconds
[2024-10-05T20:26:16.929+0000] {processor.py:186} INFO - Started process (PID=902) to work on /opt/airflow/dags/common/constants.py
[2024-10-05T20:26:16.931+0000] {processor.py:914} INFO - Processing file /opt/airflow/dags/common/constants.py for tasks to queue
[2024-10-05T20:26:16.934+0000] {logging_mixin.py:190} INFO - [2024-10-05T20:26:16.933+0000] {dagbag.py:588} INFO - Filling up the DagBag from /opt/airflow/dags/common/constants.py
[2024-10-05T20:26:16.936+0000] {processor.py:927} WARNING - No viable dags retrieved from /opt/airflow/dags/common/constants.py
[2024-10-05T20:26:16.950+0000] {processor.py:208} INFO - Processing /opt/airflow/dags/common/constants.py took 0.029 seconds
[2024-10-05T20:26:49.060+0000] {processor.py:186} INFO - Started process (PID=948) to work on /opt/airflow/dags/common/constants.py
[2024-10-05T20:26:49.062+0000] {processor.py:914} INFO - Processing file /opt/airflow/dags/common/constants.py for tasks to queue
[2024-10-05T20:26:49.068+0000] {logging_mixin.py:190} INFO - [2024-10-05T20:26:49.067+0000] {dagbag.py:588} INFO - Filling up the DagBag from /opt/airflow/dags/common/constants.py
[2024-10-05T20:26:49.072+0000] {processor.py:927} WARNING - No viable dags retrieved from /opt/airflow/dags/common/constants.py
[2024-10-05T20:26:49.094+0000] {processor.py:208} INFO - Processing /opt/airflow/dags/common/constants.py took 0.045 seconds
[2024-10-05T20:27:21.235+0000] {processor.py:186} INFO - Started process (PID=1002) to work on /opt/airflow/dags/common/constants.py
[2024-10-05T20:27:21.237+0000] {processor.py:914} INFO - Processing file /opt/airflow/dags/common/constants.py for tasks to queue
[2024-10-05T20:27:21.241+0000] {logging_mixin.py:190} INFO - [2024-10-05T20:27:21.241+0000] {dagbag.py:588} INFO - Filling up the DagBag from /opt/airflow/dags/common/constants.py
[2024-10-05T20:27:21.244+0000] {processor.py:927} WARNING - No viable dags retrieved from /opt/airflow/dags/common/constants.py
[2024-10-05T20:27:21.285+0000] {processor.py:208} INFO - Processing /opt/airflow/dags/common/constants.py took 0.060 seconds
[2024-10-05T20:27:52.794+0000] {processor.py:186} INFO - Started process (PID=1049) to work on /opt/airflow/dags/common/constants.py
[2024-10-05T20:27:52.795+0000] {processor.py:914} INFO - Processing file /opt/airflow/dags/common/constants.py for tasks to queue
[2024-10-05T20:27:52.799+0000] {logging_mixin.py:190} INFO - [2024-10-05T20:27:52.798+0000] {dagbag.py:588} INFO - Filling up the DagBag from /opt/airflow/dags/common/constants.py
[2024-10-05T20:27:52.801+0000] {processor.py:927} WARNING - No viable dags retrieved from /opt/airflow/dags/common/constants.py
[2024-10-05T20:27:52.816+0000] {processor.py:208} INFO - Processing /opt/airflow/dags/common/constants.py took 0.030 seconds
[2024-10-05T20:28:25.083+0000] {processor.py:186} INFO - Started process (PID=1097) to work on /opt/airflow/dags/common/constants.py
[2024-10-05T20:28:25.085+0000] {processor.py:914} INFO - Processing file /opt/airflow/dags/common/constants.py for tasks to queue
[2024-10-05T20:28:25.089+0000] {logging_mixin.py:190} INFO - [2024-10-05T20:28:25.088+0000] {dagbag.py:588} INFO - Filling up the DagBag from /opt/airflow/dags/common/constants.py
[2024-10-05T20:28:25.091+0000] {processor.py:927} WARNING - No viable dags retrieved from /opt/airflow/dags/common/constants.py
[2024-10-05T20:28:25.110+0000] {processor.py:208} INFO - Processing /opt/airflow/dags/common/constants.py took 0.035 seconds
[2024-10-05T20:28:57.099+0000] {processor.py:186} INFO - Started process (PID=1146) to work on /opt/airflow/dags/common/constants.py
[2024-10-05T20:28:57.101+0000] {processor.py:914} INFO - Processing file /opt/airflow/dags/common/constants.py for tasks to queue
[2024-10-05T20:28:57.104+0000] {logging_mixin.py:190} INFO - [2024-10-05T20:28:57.104+0000] {dagbag.py:588} INFO - Filling up the DagBag from /opt/airflow/dags/common/constants.py
[2024-10-05T20:28:57.107+0000] {processor.py:927} WARNING - No viable dags retrieved from /opt/airflow/dags/common/constants.py
[2024-10-05T20:28:57.128+0000] {processor.py:208} INFO - Processing /opt/airflow/dags/common/constants.py took 0.037 seconds
[2024-10-05T20:29:29.264+0000] {processor.py:186} INFO - Started process (PID=1194) to work on /opt/airflow/dags/common/constants.py
[2024-10-05T20:29:29.265+0000] {processor.py:914} INFO - Processing file /opt/airflow/dags/common/constants.py for tasks to queue
[2024-10-05T20:29:29.269+0000] {logging_mixin.py:190} INFO - [2024-10-05T20:29:29.269+0000] {dagbag.py:588} INFO - Filling up the DagBag from /opt/airflow/dags/common/constants.py
[2024-10-05T20:29:29.272+0000] {processor.py:927} WARNING - No viable dags retrieved from /opt/airflow/dags/common/constants.py
[2024-10-05T20:29:29.294+0000] {processor.py:208} INFO - Processing /opt/airflow/dags/common/constants.py took 0.039 seconds
[2024-10-05T20:30:01.214+0000] {processor.py:186} INFO - Started process (PID=1255) to work on /opt/airflow/dags/common/constants.py
[2024-10-05T20:30:01.216+0000] {processor.py:914} INFO - Processing file /opt/airflow/dags/common/constants.py for tasks to queue
[2024-10-05T20:30:01.220+0000] {logging_mixin.py:190} INFO - [2024-10-05T20:30:01.219+0000] {dagbag.py:588} INFO - Filling up the DagBag from /opt/airflow/dags/common/constants.py
[2024-10-05T20:30:01.223+0000] {processor.py:927} WARNING - No viable dags retrieved from /opt/airflow/dags/common/constants.py
[2024-10-05T20:30:01.242+0000] {processor.py:208} INFO - Processing /opt/airflow/dags/common/constants.py took 0.039 seconds
[2024-10-05T20:30:33.341+0000] {processor.py:186} INFO - Started process (PID=1308) to work on /opt/airflow/dags/common/constants.py
[2024-10-05T20:30:33.343+0000] {processor.py:914} INFO - Processing file /opt/airflow/dags/common/constants.py for tasks to queue
[2024-10-05T20:30:33.346+0000] {logging_mixin.py:190} INFO - [2024-10-05T20:30:33.346+0000] {dagbag.py:588} INFO - Filling up the DagBag from /opt/airflow/dags/common/constants.py
[2024-10-05T20:30:33.348+0000] {processor.py:927} WARNING - No viable dags retrieved from /opt/airflow/dags/common/constants.py
[2024-10-05T20:30:33.365+0000] {processor.py:208} INFO - Processing /opt/airflow/dags/common/constants.py took 0.032 seconds
[2024-10-05T20:31:05.679+0000] {processor.py:186} INFO - Started process (PID=1360) to work on /opt/airflow/dags/common/constants.py
[2024-10-05T20:31:05.681+0000] {processor.py:914} INFO - Processing file /opt/airflow/dags/common/constants.py for tasks to queue
[2024-10-05T20:31:05.685+0000] {logging_mixin.py:190} INFO - [2024-10-05T20:31:05.684+0000] {dagbag.py:588} INFO - Filling up the DagBag from /opt/airflow/dags/common/constants.py
[2024-10-05T20:31:05.687+0000] {processor.py:927} WARNING - No viable dags retrieved from /opt/airflow/dags/common/constants.py
[2024-10-05T20:31:05.706+0000] {processor.py:208} INFO - Processing /opt/airflow/dags/common/constants.py took 0.037 seconds
[2024-10-05T20:31:37.430+0000] {processor.py:186} INFO - Started process (PID=1437) to work on /opt/airflow/dags/common/constants.py
[2024-10-05T20:31:37.431+0000] {processor.py:914} INFO - Processing file /opt/airflow/dags/common/constants.py for tasks to queue
[2024-10-05T20:31:37.434+0000] {logging_mixin.py:190} INFO - [2024-10-05T20:31:37.434+0000] {dagbag.py:588} INFO - Filling up the DagBag from /opt/airflow/dags/common/constants.py
[2024-10-05T20:31:37.437+0000] {processor.py:927} WARNING - No viable dags retrieved from /opt/airflow/dags/common/constants.py
[2024-10-05T20:31:37.454+0000] {processor.py:208} INFO - Processing /opt/airflow/dags/common/constants.py took 0.031 seconds
[2024-10-05T20:32:07.830+0000] {processor.py:186} INFO - Started process (PID=1494) to work on /opt/airflow/dags/common/constants.py
[2024-10-05T20:32:07.833+0000] {processor.py:914} INFO - Processing file /opt/airflow/dags/common/constants.py for tasks to queue
[2024-10-05T20:32:07.836+0000] {logging_mixin.py:190} INFO - [2024-10-05T20:32:07.836+0000] {dagbag.py:588} INFO - Filling up the DagBag from /opt/airflow/dags/common/constants.py
[2024-10-05T20:32:07.839+0000] {processor.py:927} WARNING - No viable dags retrieved from /opt/airflow/dags/common/constants.py
[2024-10-05T20:32:07.860+0000] {processor.py:208} INFO - Processing /opt/airflow/dags/common/constants.py took 0.038 seconds
[2024-10-05T20:32:37.916+0000] {processor.py:186} INFO - Started process (PID=1542) to work on /opt/airflow/dags/common/constants.py
[2024-10-05T20:32:37.917+0000] {processor.py:914} INFO - Processing file /opt/airflow/dags/common/constants.py for tasks to queue
[2024-10-05T20:32:37.920+0000] {logging_mixin.py:190} INFO - [2024-10-05T20:32:37.920+0000] {dagbag.py:588} INFO - Filling up the DagBag from /opt/airflow/dags/common/constants.py
[2024-10-05T20:32:37.922+0000] {processor.py:927} WARNING - No viable dags retrieved from /opt/airflow/dags/common/constants.py
[2024-10-05T20:32:37.939+0000] {processor.py:208} INFO - Processing /opt/airflow/dags/common/constants.py took 0.031 seconds
[2024-10-05T20:33:08.917+0000] {processor.py:186} INFO - Started process (PID=1603) to work on /opt/airflow/dags/common/constants.py
[2024-10-05T20:33:08.919+0000] {processor.py:914} INFO - Processing file /opt/airflow/dags/common/constants.py for tasks to queue
[2024-10-05T20:33:08.924+0000] {logging_mixin.py:190} INFO - [2024-10-05T20:33:08.923+0000] {dagbag.py:588} INFO - Filling up the DagBag from /opt/airflow/dags/common/constants.py
[2024-10-05T20:33:08.927+0000] {processor.py:927} WARNING - No viable dags retrieved from /opt/airflow/dags/common/constants.py
[2024-10-05T20:33:08.945+0000] {processor.py:208} INFO - Processing /opt/airflow/dags/common/constants.py took 0.037 seconds
[2024-10-05T20:33:39.737+0000] {processor.py:186} INFO - Started process (PID=1658) to work on /opt/airflow/dags/common/constants.py
[2024-10-05T20:33:39.739+0000] {processor.py:914} INFO - Processing file /opt/airflow/dags/common/constants.py for tasks to queue
[2024-10-05T20:33:39.742+0000] {logging_mixin.py:190} INFO - [2024-10-05T20:33:39.742+0000] {dagbag.py:588} INFO - Filling up the DagBag from /opt/airflow/dags/common/constants.py
[2024-10-05T20:33:39.744+0000] {processor.py:927} WARNING - No viable dags retrieved from /opt/airflow/dags/common/constants.py
[2024-10-05T20:33:39.770+0000] {processor.py:208} INFO - Processing /opt/airflow/dags/common/constants.py took 0.041 seconds
[2024-10-05T20:34:09.962+0000] {processor.py:186} INFO - Started process (PID=1709) to work on /opt/airflow/dags/common/constants.py
[2024-10-05T20:34:09.964+0000] {processor.py:914} INFO - Processing file /opt/airflow/dags/common/constants.py for tasks to queue
[2024-10-05T20:34:09.967+0000] {logging_mixin.py:190} INFO - [2024-10-05T20:34:09.967+0000] {dagbag.py:588} INFO - Filling up the DagBag from /opt/airflow/dags/common/constants.py
[2024-10-05T20:34:09.970+0000] {processor.py:927} WARNING - No viable dags retrieved from /opt/airflow/dags/common/constants.py
[2024-10-05T20:34:09.987+0000] {processor.py:208} INFO - Processing /opt/airflow/dags/common/constants.py took 0.038 seconds
[2024-10-05T20:34:40.147+0000] {processor.py:186} INFO - Started process (PID=1767) to work on /opt/airflow/dags/common/constants.py
[2024-10-05T20:34:40.148+0000] {processor.py:914} INFO - Processing file /opt/airflow/dags/common/constants.py for tasks to queue
[2024-10-05T20:34:40.152+0000] {logging_mixin.py:190} INFO - [2024-10-05T20:34:40.151+0000] {dagbag.py:588} INFO - Filling up the DagBag from /opt/airflow/dags/common/constants.py
[2024-10-05T20:34:40.154+0000] {processor.py:927} WARNING - No viable dags retrieved from /opt/airflow/dags/common/constants.py
[2024-10-05T20:34:40.168+0000] {processor.py:208} INFO - Processing /opt/airflow/dags/common/constants.py took 0.031 seconds
[2024-10-05T20:35:10.474+0000] {processor.py:186} INFO - Started process (PID=1820) to work on /opt/airflow/dags/common/constants.py
[2024-10-05T20:35:10.475+0000] {processor.py:914} INFO - Processing file /opt/airflow/dags/common/constants.py for tasks to queue
[2024-10-05T20:35:10.478+0000] {logging_mixin.py:190} INFO - [2024-10-05T20:35:10.478+0000] {dagbag.py:588} INFO - Filling up the DagBag from /opt/airflow/dags/common/constants.py
[2024-10-05T20:35:10.481+0000] {processor.py:927} WARNING - No viable dags retrieved from /opt/airflow/dags/common/constants.py
[2024-10-05T20:35:10.498+0000] {processor.py:208} INFO - Processing /opt/airflow/dags/common/constants.py took 0.031 seconds
[2024-10-05T20:35:40.610+0000] {processor.py:186} INFO - Started process (PID=1871) to work on /opt/airflow/dags/common/constants.py
[2024-10-05T20:35:40.614+0000] {processor.py:914} INFO - Processing file /opt/airflow/dags/common/constants.py for tasks to queue
[2024-10-05T20:35:40.618+0000] {logging_mixin.py:190} INFO - [2024-10-05T20:35:40.618+0000] {dagbag.py:588} INFO - Filling up the DagBag from /opt/airflow/dags/common/constants.py
[2024-10-05T20:35:40.621+0000] {processor.py:927} WARNING - No viable dags retrieved from /opt/airflow/dags/common/constants.py
[2024-10-05T20:35:40.639+0000] {processor.py:208} INFO - Processing /opt/airflow/dags/common/constants.py took 0.037 seconds
[2024-10-05T20:36:10.953+0000] {processor.py:186} INFO - Started process (PID=1924) to work on /opt/airflow/dags/common/constants.py
[2024-10-05T20:36:10.954+0000] {processor.py:914} INFO - Processing file /opt/airflow/dags/common/constants.py for tasks to queue
[2024-10-05T20:36:10.957+0000] {logging_mixin.py:190} INFO - [2024-10-05T20:36:10.957+0000] {dagbag.py:588} INFO - Filling up the DagBag from /opt/airflow/dags/common/constants.py
[2024-10-05T20:36:10.960+0000] {processor.py:927} WARNING - No viable dags retrieved from /opt/airflow/dags/common/constants.py
[2024-10-05T20:36:10.979+0000] {processor.py:208} INFO - Processing /opt/airflow/dags/common/constants.py took 0.034 seconds
[2024-10-05T20:36:41.329+0000] {processor.py:186} INFO - Started process (PID=1979) to work on /opt/airflow/dags/common/constants.py
[2024-10-05T20:36:41.330+0000] {processor.py:914} INFO - Processing file /opt/airflow/dags/common/constants.py for tasks to queue
[2024-10-05T20:36:41.333+0000] {logging_mixin.py:190} INFO - [2024-10-05T20:36:41.333+0000] {dagbag.py:588} INFO - Filling up the DagBag from /opt/airflow/dags/common/constants.py
[2024-10-05T20:36:41.335+0000] {processor.py:927} WARNING - No viable dags retrieved from /opt/airflow/dags/common/constants.py
[2024-10-05T20:36:41.350+0000] {processor.py:208} INFO - Processing /opt/airflow/dags/common/constants.py took 0.028 seconds
[2024-10-05T20:37:11.550+0000] {processor.py:186} INFO - Started process (PID=2032) to work on /opt/airflow/dags/common/constants.py
[2024-10-05T20:37:11.552+0000] {processor.py:914} INFO - Processing file /opt/airflow/dags/common/constants.py for tasks to queue
[2024-10-05T20:37:11.555+0000] {logging_mixin.py:190} INFO - [2024-10-05T20:37:11.555+0000] {dagbag.py:588} INFO - Filling up the DagBag from /opt/airflow/dags/common/constants.py
[2024-10-05T20:37:11.557+0000] {processor.py:927} WARNING - No viable dags retrieved from /opt/airflow/dags/common/constants.py
[2024-10-05T20:37:11.578+0000] {processor.py:208} INFO - Processing /opt/airflow/dags/common/constants.py took 0.036 seconds
[2024-10-05T20:37:41.860+0000] {processor.py:186} INFO - Started process (PID=2083) to work on /opt/airflow/dags/common/constants.py
[2024-10-05T20:37:41.862+0000] {processor.py:914} INFO - Processing file /opt/airflow/dags/common/constants.py for tasks to queue
[2024-10-05T20:37:41.866+0000] {logging_mixin.py:190} INFO - [2024-10-05T20:37:41.865+0000] {dagbag.py:588} INFO - Filling up the DagBag from /opt/airflow/dags/common/constants.py
[2024-10-05T20:37:41.868+0000] {processor.py:927} WARNING - No viable dags retrieved from /opt/airflow/dags/common/constants.py
[2024-10-05T20:37:41.884+0000] {processor.py:208} INFO - Processing /opt/airflow/dags/common/constants.py took 0.035 seconds
[2024-10-05T20:38:12.184+0000] {processor.py:186} INFO - Started process (PID=2138) to work on /opt/airflow/dags/common/constants.py
[2024-10-05T20:38:12.185+0000] {processor.py:914} INFO - Processing file /opt/airflow/dags/common/constants.py for tasks to queue
[2024-10-05T20:38:12.189+0000] {logging_mixin.py:190} INFO - [2024-10-05T20:38:12.188+0000] {dagbag.py:588} INFO - Filling up the DagBag from /opt/airflow/dags/common/constants.py
[2024-10-05T20:38:12.191+0000] {processor.py:927} WARNING - No viable dags retrieved from /opt/airflow/dags/common/constants.py
[2024-10-05T20:38:12.207+0000] {processor.py:208} INFO - Processing /opt/airflow/dags/common/constants.py took 0.032 seconds
[2024-10-05T20:38:42.447+0000] {processor.py:186} INFO - Started process (PID=2193) to work on /opt/airflow/dags/common/constants.py
[2024-10-05T20:38:42.449+0000] {processor.py:914} INFO - Processing file /opt/airflow/dags/common/constants.py for tasks to queue
[2024-10-05T20:38:42.452+0000] {logging_mixin.py:190} INFO - [2024-10-05T20:38:42.451+0000] {dagbag.py:588} INFO - Filling up the DagBag from /opt/airflow/dags/common/constants.py
[2024-10-05T20:38:42.454+0000] {processor.py:927} WARNING - No viable dags retrieved from /opt/airflow/dags/common/constants.py
[2024-10-05T20:38:42.469+0000] {processor.py:208} INFO - Processing /opt/airflow/dags/common/constants.py took 0.029 seconds
[2024-10-05T20:39:13.277+0000] {processor.py:186} INFO - Started process (PID=2246) to work on /opt/airflow/dags/common/constants.py
[2024-10-05T20:39:13.278+0000] {processor.py:914} INFO - Processing file /opt/airflow/dags/common/constants.py for tasks to queue
[2024-10-05T20:39:13.281+0000] {logging_mixin.py:190} INFO - [2024-10-05T20:39:13.281+0000] {dagbag.py:588} INFO - Filling up the DagBag from /opt/airflow/dags/common/constants.py
[2024-10-05T20:39:13.284+0000] {processor.py:927} WARNING - No viable dags retrieved from /opt/airflow/dags/common/constants.py
[2024-10-05T20:39:13.303+0000] {processor.py:208} INFO - Processing /opt/airflow/dags/common/constants.py took 0.035 seconds
[2024-10-05T20:39:43.610+0000] {processor.py:186} INFO - Started process (PID=2300) to work on /opt/airflow/dags/common/constants.py
[2024-10-05T20:39:43.611+0000] {processor.py:914} INFO - Processing file /opt/airflow/dags/common/constants.py for tasks to queue
[2024-10-05T20:39:43.614+0000] {logging_mixin.py:190} INFO - [2024-10-05T20:39:43.614+0000] {dagbag.py:588} INFO - Filling up the DagBag from /opt/airflow/dags/common/constants.py
[2024-10-05T20:39:43.616+0000] {processor.py:927} WARNING - No viable dags retrieved from /opt/airflow/dags/common/constants.py
[2024-10-05T20:39:43.634+0000] {processor.py:208} INFO - Processing /opt/airflow/dags/common/constants.py took 0.032 seconds
[2024-10-05T20:40:13.916+0000] {processor.py:186} INFO - Started process (PID=2355) to work on /opt/airflow/dags/common/constants.py
[2024-10-05T20:40:13.917+0000] {processor.py:914} INFO - Processing file /opt/airflow/dags/common/constants.py for tasks to queue
[2024-10-05T20:40:13.920+0000] {logging_mixin.py:190} INFO - [2024-10-05T20:40:13.920+0000] {dagbag.py:588} INFO - Filling up the DagBag from /opt/airflow/dags/common/constants.py
[2024-10-05T20:40:13.922+0000] {processor.py:927} WARNING - No viable dags retrieved from /opt/airflow/dags/common/constants.py
[2024-10-05T20:40:13.938+0000] {processor.py:208} INFO - Processing /opt/airflow/dags/common/constants.py took 0.030 seconds
[2024-10-05T20:40:44.224+0000] {processor.py:186} INFO - Started process (PID=2408) to work on /opt/airflow/dags/common/constants.py
[2024-10-05T20:40:44.225+0000] {processor.py:914} INFO - Processing file /opt/airflow/dags/common/constants.py for tasks to queue
[2024-10-05T20:40:44.228+0000] {logging_mixin.py:190} INFO - [2024-10-05T20:40:44.228+0000] {dagbag.py:588} INFO - Filling up the DagBag from /opt/airflow/dags/common/constants.py
[2024-10-05T20:40:44.231+0000] {processor.py:927} WARNING - No viable dags retrieved from /opt/airflow/dags/common/constants.py
[2024-10-05T20:40:44.246+0000] {processor.py:208} INFO - Processing /opt/airflow/dags/common/constants.py took 0.029 seconds
[2024-10-05T20:41:14.491+0000] {processor.py:186} INFO - Started process (PID=2461) to work on /opt/airflow/dags/common/constants.py
[2024-10-05T20:41:14.492+0000] {processor.py:914} INFO - Processing file /opt/airflow/dags/common/constants.py for tasks to queue
[2024-10-05T20:41:14.495+0000] {logging_mixin.py:190} INFO - [2024-10-05T20:41:14.495+0000] {dagbag.py:588} INFO - Filling up the DagBag from /opt/airflow/dags/common/constants.py
[2024-10-05T20:41:14.497+0000] {processor.py:927} WARNING - No viable dags retrieved from /opt/airflow/dags/common/constants.py
[2024-10-05T20:41:14.517+0000] {processor.py:208} INFO - Processing /opt/airflow/dags/common/constants.py took 0.033 seconds
[2024-10-05T20:41:45.326+0000] {processor.py:186} INFO - Started process (PID=2514) to work on /opt/airflow/dags/common/constants.py
[2024-10-05T20:41:45.328+0000] {processor.py:914} INFO - Processing file /opt/airflow/dags/common/constants.py for tasks to queue
[2024-10-05T20:41:45.331+0000] {logging_mixin.py:190} INFO - [2024-10-05T20:41:45.331+0000] {dagbag.py:588} INFO - Filling up the DagBag from /opt/airflow/dags/common/constants.py
[2024-10-05T20:41:45.333+0000] {processor.py:927} WARNING - No viable dags retrieved from /opt/airflow/dags/common/constants.py
[2024-10-05T20:41:45.359+0000] {processor.py:208} INFO - Processing /opt/airflow/dags/common/constants.py took 0.040 seconds
[2024-10-05T20:42:16.215+0000] {processor.py:186} INFO - Started process (PID=2565) to work on /opt/airflow/dags/common/constants.py
[2024-10-05T20:42:16.216+0000] {processor.py:914} INFO - Processing file /opt/airflow/dags/common/constants.py for tasks to queue
[2024-10-05T20:42:16.220+0000] {logging_mixin.py:190} INFO - [2024-10-05T20:42:16.219+0000] {dagbag.py:588} INFO - Filling up the DagBag from /opt/airflow/dags/common/constants.py
[2024-10-05T20:42:16.223+0000] {processor.py:927} WARNING - No viable dags retrieved from /opt/airflow/dags/common/constants.py
[2024-10-05T20:42:16.242+0000] {processor.py:208} INFO - Processing /opt/airflow/dags/common/constants.py took 0.037 seconds
[2024-10-05T20:42:47.167+0000] {processor.py:186} INFO - Started process (PID=2617) to work on /opt/airflow/dags/common/constants.py
[2024-10-05T20:42:47.169+0000] {processor.py:914} INFO - Processing file /opt/airflow/dags/common/constants.py for tasks to queue
[2024-10-05T20:42:47.175+0000] {logging_mixin.py:190} INFO - [2024-10-05T20:42:47.174+0000] {dagbag.py:588} INFO - Filling up the DagBag from /opt/airflow/dags/common/constants.py
[2024-10-05T20:42:47.179+0000] {processor.py:927} WARNING - No viable dags retrieved from /opt/airflow/dags/common/constants.py
[2024-10-05T20:42:47.197+0000] {processor.py:208} INFO - Processing /opt/airflow/dags/common/constants.py took 0.040 seconds
[2024-10-05T20:43:18.838+0000] {processor.py:186} INFO - Started process (PID=2664) to work on /opt/airflow/dags/common/constants.py
[2024-10-05T20:43:18.839+0000] {processor.py:914} INFO - Processing file /opt/airflow/dags/common/constants.py for tasks to queue
[2024-10-05T20:43:18.842+0000] {logging_mixin.py:190} INFO - [2024-10-05T20:43:18.841+0000] {dagbag.py:588} INFO - Filling up the DagBag from /opt/airflow/dags/common/constants.py
[2024-10-05T20:43:18.844+0000] {processor.py:927} WARNING - No viable dags retrieved from /opt/airflow/dags/common/constants.py
[2024-10-05T20:43:18.859+0000] {processor.py:208} INFO - Processing /opt/airflow/dags/common/constants.py took 0.029 seconds
[2024-10-05T20:43:49.079+0000] {processor.py:186} INFO - Started process (PID=2714) to work on /opt/airflow/dags/common/constants.py
[2024-10-05T20:43:49.081+0000] {processor.py:914} INFO - Processing file /opt/airflow/dags/common/constants.py for tasks to queue
[2024-10-05T20:43:49.085+0000] {logging_mixin.py:190} INFO - [2024-10-05T20:43:49.084+0000] {dagbag.py:588} INFO - Filling up the DagBag from /opt/airflow/dags/common/constants.py
[2024-10-05T20:43:49.088+0000] {processor.py:927} WARNING - No viable dags retrieved from /opt/airflow/dags/common/constants.py
[2024-10-05T20:43:49.112+0000] {processor.py:208} INFO - Processing /opt/airflow/dags/common/constants.py took 0.045 seconds
[2024-10-05T20:44:19.442+0000] {processor.py:186} INFO - Started process (PID=2782) to work on /opt/airflow/dags/common/constants.py
[2024-10-05T20:44:19.443+0000] {processor.py:914} INFO - Processing file /opt/airflow/dags/common/constants.py for tasks to queue
[2024-10-05T20:44:19.446+0000] {logging_mixin.py:190} INFO - [2024-10-05T20:44:19.445+0000] {dagbag.py:588} INFO - Filling up the DagBag from /opt/airflow/dags/common/constants.py
[2024-10-05T20:44:19.448+0000] {processor.py:927} WARNING - No viable dags retrieved from /opt/airflow/dags/common/constants.py
[2024-10-05T20:44:19.467+0000] {processor.py:208} INFO - Processing /opt/airflow/dags/common/constants.py took 0.033 seconds
[2024-10-05T20:44:49.566+0000] {processor.py:186} INFO - Started process (PID=2837) to work on /opt/airflow/dags/common/constants.py
[2024-10-05T20:44:49.567+0000] {processor.py:914} INFO - Processing file /opt/airflow/dags/common/constants.py for tasks to queue
[2024-10-05T20:44:49.571+0000] {logging_mixin.py:190} INFO - [2024-10-05T20:44:49.570+0000] {dagbag.py:588} INFO - Filling up the DagBag from /opt/airflow/dags/common/constants.py
[2024-10-05T20:44:49.573+0000] {processor.py:927} WARNING - No viable dags retrieved from /opt/airflow/dags/common/constants.py
[2024-10-05T20:44:49.589+0000] {processor.py:208} INFO - Processing /opt/airflow/dags/common/constants.py took 0.032 seconds
[2024-10-05T20:45:20.120+0000] {processor.py:186} INFO - Started process (PID=2890) to work on /opt/airflow/dags/common/constants.py
[2024-10-05T20:45:20.121+0000] {processor.py:914} INFO - Processing file /opt/airflow/dags/common/constants.py for tasks to queue
[2024-10-05T20:45:20.124+0000] {logging_mixin.py:190} INFO - [2024-10-05T20:45:20.124+0000] {dagbag.py:588} INFO - Filling up the DagBag from /opt/airflow/dags/common/constants.py
[2024-10-05T20:45:20.126+0000] {processor.py:927} WARNING - No viable dags retrieved from /opt/airflow/dags/common/constants.py
[2024-10-05T20:45:20.141+0000] {processor.py:208} INFO - Processing /opt/airflow/dags/common/constants.py took 0.029 seconds
[2024-10-05T20:45:50.292+0000] {processor.py:186} INFO - Started process (PID=2943) to work on /opt/airflow/dags/common/constants.py
[2024-10-05T20:45:50.293+0000] {processor.py:914} INFO - Processing file /opt/airflow/dags/common/constants.py for tasks to queue
[2024-10-05T20:45:50.296+0000] {logging_mixin.py:190} INFO - [2024-10-05T20:45:50.295+0000] {dagbag.py:588} INFO - Filling up the DagBag from /opt/airflow/dags/common/constants.py
[2024-10-05T20:45:50.298+0000] {processor.py:927} WARNING - No viable dags retrieved from /opt/airflow/dags/common/constants.py
[2024-10-05T20:45:50.318+0000] {processor.py:208} INFO - Processing /opt/airflow/dags/common/constants.py took 0.039 seconds
[2024-10-05T20:46:20.373+0000] {processor.py:186} INFO - Started process (PID=2996) to work on /opt/airflow/dags/common/constants.py
[2024-10-05T20:46:20.374+0000] {processor.py:914} INFO - Processing file /opt/airflow/dags/common/constants.py for tasks to queue
[2024-10-05T20:46:20.375+0000] {logging_mixin.py:190} INFO - [2024-10-05T20:46:20.375+0000] {dagbag.py:588} INFO - Filling up the DagBag from /opt/airflow/dags/common/constants.py
[2024-10-05T20:46:20.378+0000] {processor.py:927} WARNING - No viable dags retrieved from /opt/airflow/dags/common/constants.py
[2024-10-05T20:46:20.402+0000] {processor.py:208} INFO - Processing /opt/airflow/dags/common/constants.py took 0.037 seconds
[2024-10-05T20:46:50.625+0000] {processor.py:186} INFO - Started process (PID=3049) to work on /opt/airflow/dags/common/constants.py
[2024-10-05T20:46:50.627+0000] {processor.py:914} INFO - Processing file /opt/airflow/dags/common/constants.py for tasks to queue
[2024-10-05T20:46:50.628+0000] {logging_mixin.py:190} INFO - [2024-10-05T20:46:50.628+0000] {dagbag.py:588} INFO - Filling up the DagBag from /opt/airflow/dags/common/constants.py
[2024-10-05T20:46:50.631+0000] {processor.py:927} WARNING - No viable dags retrieved from /opt/airflow/dags/common/constants.py
[2024-10-05T20:46:50.647+0000] {processor.py:208} INFO - Processing /opt/airflow/dags/common/constants.py took 0.030 seconds
[2024-10-05T20:47:20.845+0000] {processor.py:186} INFO - Started process (PID=3102) to work on /opt/airflow/dags/common/constants.py
[2024-10-05T20:47:20.846+0000] {processor.py:914} INFO - Processing file /opt/airflow/dags/common/constants.py for tasks to queue
[2024-10-05T20:47:20.847+0000] {logging_mixin.py:190} INFO - [2024-10-05T20:47:20.847+0000] {dagbag.py:588} INFO - Filling up the DagBag from /opt/airflow/dags/common/constants.py
[2024-10-05T20:47:20.850+0000] {processor.py:927} WARNING - No viable dags retrieved from /opt/airflow/dags/common/constants.py
[2024-10-05T20:47:20.868+0000] {processor.py:208} INFO - Processing /opt/airflow/dags/common/constants.py took 0.031 seconds
[2024-10-05T20:47:51.052+0000] {processor.py:186} INFO - Started process (PID=3153) to work on /opt/airflow/dags/common/constants.py
[2024-10-05T20:47:51.054+0000] {processor.py:914} INFO - Processing file /opt/airflow/dags/common/constants.py for tasks to queue
[2024-10-05T20:47:51.055+0000] {logging_mixin.py:190} INFO - [2024-10-05T20:47:51.055+0000] {dagbag.py:588} INFO - Filling up the DagBag from /opt/airflow/dags/common/constants.py
[2024-10-05T20:47:51.057+0000] {processor.py:927} WARNING - No viable dags retrieved from /opt/airflow/dags/common/constants.py
[2024-10-05T20:47:51.074+0000] {processor.py:208} INFO - Processing /opt/airflow/dags/common/constants.py took 0.029 seconds
[2024-10-05T20:48:21.413+0000] {processor.py:186} INFO - Started process (PID=3206) to work on /opt/airflow/dags/common/constants.py
[2024-10-05T20:48:21.415+0000] {processor.py:914} INFO - Processing file /opt/airflow/dags/common/constants.py for tasks to queue
[2024-10-05T20:48:21.416+0000] {logging_mixin.py:190} INFO - [2024-10-05T20:48:21.416+0000] {dagbag.py:588} INFO - Filling up the DagBag from /opt/airflow/dags/common/constants.py
[2024-10-05T20:48:21.418+0000] {processor.py:927} WARNING - No viable dags retrieved from /opt/airflow/dags/common/constants.py
[2024-10-05T20:48:21.437+0000] {processor.py:208} INFO - Processing /opt/airflow/dags/common/constants.py took 0.031 seconds
[2024-10-05T20:48:51.541+0000] {processor.py:186} INFO - Started process (PID=3254) to work on /opt/airflow/dags/common/constants.py
[2024-10-05T20:48:51.542+0000] {processor.py:914} INFO - Processing file /opt/airflow/dags/common/constants.py for tasks to queue
[2024-10-05T20:48:51.544+0000] {logging_mixin.py:190} INFO - [2024-10-05T20:48:51.544+0000] {dagbag.py:588} INFO - Filling up the DagBag from /opt/airflow/dags/common/constants.py
[2024-10-05T20:48:51.547+0000] {processor.py:927} WARNING - No viable dags retrieved from /opt/airflow/dags/common/constants.py
[2024-10-05T20:48:51.565+0000] {processor.py:208} INFO - Processing /opt/airflow/dags/common/constants.py took 0.035 seconds
[2024-10-05T20:49:21.771+0000] {processor.py:186} INFO - Started process (PID=3306) to work on /opt/airflow/dags/common/constants.py
[2024-10-05T20:49:21.772+0000] {processor.py:914} INFO - Processing file /opt/airflow/dags/common/constants.py for tasks to queue
[2024-10-05T20:49:21.774+0000] {logging_mixin.py:190} INFO - [2024-10-05T20:49:21.774+0000] {dagbag.py:588} INFO - Filling up the DagBag from /opt/airflow/dags/common/constants.py
[2024-10-05T20:49:21.777+0000] {processor.py:927} WARNING - No viable dags retrieved from /opt/airflow/dags/common/constants.py
[2024-10-05T20:49:21.800+0000] {processor.py:208} INFO - Processing /opt/airflow/dags/common/constants.py took 0.039 seconds
[2024-10-05T20:49:51.901+0000] {processor.py:186} INFO - Started process (PID=3356) to work on /opt/airflow/dags/common/constants.py
[2024-10-05T20:49:51.902+0000] {processor.py:914} INFO - Processing file /opt/airflow/dags/common/constants.py for tasks to queue
[2024-10-05T20:49:51.904+0000] {logging_mixin.py:190} INFO - [2024-10-05T20:49:51.903+0000] {dagbag.py:588} INFO - Filling up the DagBag from /opt/airflow/dags/common/constants.py
[2024-10-05T20:49:51.907+0000] {processor.py:927} WARNING - No viable dags retrieved from /opt/airflow/dags/common/constants.py
[2024-10-05T20:49:51.928+0000] {processor.py:208} INFO - Processing /opt/airflow/dags/common/constants.py took 0.037 seconds
[2024-10-05T20:50:22.210+0000] {processor.py:186} INFO - Started process (PID=3412) to work on /opt/airflow/dags/common/constants.py
[2024-10-05T20:50:22.211+0000] {processor.py:914} INFO - Processing file /opt/airflow/dags/common/constants.py for tasks to queue
[2024-10-05T20:50:22.213+0000] {logging_mixin.py:190} INFO - [2024-10-05T20:50:22.212+0000] {dagbag.py:588} INFO - Filling up the DagBag from /opt/airflow/dags/common/constants.py
[2024-10-05T20:50:22.215+0000] {processor.py:927} WARNING - No viable dags retrieved from /opt/airflow/dags/common/constants.py
[2024-10-05T20:50:22.232+0000] {processor.py:208} INFO - Processing /opt/airflow/dags/common/constants.py took 0.029 seconds
[2024-10-05T20:50:52.677+0000] {processor.py:186} INFO - Started process (PID=3472) to work on /opt/airflow/dags/common/constants.py
[2024-10-05T20:50:52.678+0000] {processor.py:914} INFO - Processing file /opt/airflow/dags/common/constants.py for tasks to queue
[2024-10-05T20:50:52.680+0000] {logging_mixin.py:190} INFO - [2024-10-05T20:50:52.680+0000] {dagbag.py:588} INFO - Filling up the DagBag from /opt/airflow/dags/common/constants.py
[2024-10-05T20:50:52.682+0000] {processor.py:927} WARNING - No viable dags retrieved from /opt/airflow/dags/common/constants.py
[2024-10-05T20:50:52.698+0000] {processor.py:208} INFO - Processing /opt/airflow/dags/common/constants.py took 0.029 seconds
[2024-10-05T20:51:23.553+0000] {processor.py:186} INFO - Started process (PID=3525) to work on /opt/airflow/dags/common/constants.py
[2024-10-05T20:51:23.554+0000] {processor.py:914} INFO - Processing file /opt/airflow/dags/common/constants.py for tasks to queue
[2024-10-05T20:51:23.555+0000] {logging_mixin.py:190} INFO - [2024-10-05T20:51:23.555+0000] {dagbag.py:588} INFO - Filling up the DagBag from /opt/airflow/dags/common/constants.py
[2024-10-05T20:51:23.557+0000] {processor.py:927} WARNING - No viable dags retrieved from /opt/airflow/dags/common/constants.py
[2024-10-05T20:51:23.576+0000] {processor.py:208} INFO - Processing /opt/airflow/dags/common/constants.py took 0.031 seconds
[2024-10-05T20:51:54.194+0000] {processor.py:186} INFO - Started process (PID=3582) to work on /opt/airflow/dags/common/constants.py
[2024-10-05T20:51:54.196+0000] {processor.py:914} INFO - Processing file /opt/airflow/dags/common/constants.py for tasks to queue
[2024-10-05T20:51:54.197+0000] {logging_mixin.py:190} INFO - [2024-10-05T20:51:54.197+0000] {dagbag.py:588} INFO - Filling up the DagBag from /opt/airflow/dags/common/constants.py
[2024-10-05T20:51:54.199+0000] {processor.py:927} WARNING - No viable dags retrieved from /opt/airflow/dags/common/constants.py
[2024-10-05T20:51:54.216+0000] {processor.py:208} INFO - Processing /opt/airflow/dags/common/constants.py took 0.032 seconds
[2024-10-05T20:52:25.193+0000] {processor.py:186} INFO - Started process (PID=3634) to work on /opt/airflow/dags/common/constants.py
[2024-10-05T20:52:25.194+0000] {processor.py:914} INFO - Processing file /opt/airflow/dags/common/constants.py for tasks to queue
[2024-10-05T20:52:25.195+0000] {logging_mixin.py:190} INFO - [2024-10-05T20:52:25.195+0000] {dagbag.py:588} INFO - Filling up the DagBag from /opt/airflow/dags/common/constants.py
[2024-10-05T20:52:25.197+0000] {processor.py:927} WARNING - No viable dags retrieved from /opt/airflow/dags/common/constants.py
[2024-10-05T20:52:25.213+0000] {processor.py:208} INFO - Processing /opt/airflow/dags/common/constants.py took 0.033 seconds
[2024-10-05T20:52:56.868+0000] {processor.py:186} INFO - Started process (PID=3681) to work on /opt/airflow/dags/common/constants.py
[2024-10-05T20:52:56.870+0000] {processor.py:914} INFO - Processing file /opt/airflow/dags/common/constants.py for tasks to queue
[2024-10-05T20:52:56.872+0000] {logging_mixin.py:190} INFO - [2024-10-05T20:52:56.871+0000] {dagbag.py:588} INFO - Filling up the DagBag from /opt/airflow/dags/common/constants.py
[2024-10-05T20:52:56.875+0000] {processor.py:927} WARNING - No viable dags retrieved from /opt/airflow/dags/common/constants.py
[2024-10-05T20:52:56.899+0000] {processor.py:208} INFO - Processing /opt/airflow/dags/common/constants.py took 0.043 seconds
[2024-10-05T20:53:27.164+0000] {processor.py:186} INFO - Started process (PID=3731) to work on /opt/airflow/dags/common/constants.py
[2024-10-05T20:53:27.165+0000] {processor.py:914} INFO - Processing file /opt/airflow/dags/common/constants.py for tasks to queue
[2024-10-05T20:53:27.167+0000] {logging_mixin.py:190} INFO - [2024-10-05T20:53:27.166+0000] {dagbag.py:588} INFO - Filling up the DagBag from /opt/airflow/dags/common/constants.py
[2024-10-05T20:53:27.169+0000] {processor.py:927} WARNING - No viable dags retrieved from /opt/airflow/dags/common/constants.py
[2024-10-05T20:53:27.183+0000] {processor.py:208} INFO - Processing /opt/airflow/dags/common/constants.py took 0.026 seconds
[2024-10-05T20:53:57.346+0000] {processor.py:186} INFO - Started process (PID=3785) to work on /opt/airflow/dags/common/constants.py
[2024-10-05T20:53:57.347+0000] {processor.py:914} INFO - Processing file /opt/airflow/dags/common/constants.py for tasks to queue
[2024-10-05T20:53:57.348+0000] {logging_mixin.py:190} INFO - [2024-10-05T20:53:57.348+0000] {dagbag.py:588} INFO - Filling up the DagBag from /opt/airflow/dags/common/constants.py
[2024-10-05T20:53:57.350+0000] {processor.py:927} WARNING - No viable dags retrieved from /opt/airflow/dags/common/constants.py
[2024-10-05T20:53:57.364+0000] {processor.py:208} INFO - Processing /opt/airflow/dags/common/constants.py took 0.025 seconds
[2024-10-05T20:54:27.552+0000] {processor.py:186} INFO - Started process (PID=3838) to work on /opt/airflow/dags/common/constants.py
[2024-10-05T20:54:27.553+0000] {processor.py:914} INFO - Processing file /opt/airflow/dags/common/constants.py for tasks to queue
[2024-10-05T20:54:27.555+0000] {logging_mixin.py:190} INFO - [2024-10-05T20:54:27.554+0000] {dagbag.py:588} INFO - Filling up the DagBag from /opt/airflow/dags/common/constants.py
[2024-10-05T20:54:27.557+0000] {processor.py:927} WARNING - No viable dags retrieved from /opt/airflow/dags/common/constants.py
[2024-10-05T20:54:27.572+0000] {processor.py:208} INFO - Processing /opt/airflow/dags/common/constants.py took 0.028 seconds
[2024-10-05T20:54:58.200+0000] {processor.py:186} INFO - Started process (PID=3891) to work on /opt/airflow/dags/common/constants.py
[2024-10-05T20:54:58.201+0000] {processor.py:914} INFO - Processing file /opt/airflow/dags/common/constants.py for tasks to queue
[2024-10-05T20:54:58.202+0000] {logging_mixin.py:190} INFO - [2024-10-05T20:54:58.202+0000] {dagbag.py:588} INFO - Filling up the DagBag from /opt/airflow/dags/common/constants.py
[2024-10-05T20:54:58.205+0000] {processor.py:927} WARNING - No viable dags retrieved from /opt/airflow/dags/common/constants.py
[2024-10-05T20:54:58.223+0000] {processor.py:208} INFO - Processing /opt/airflow/dags/common/constants.py took 0.032 seconds
[2024-10-05T20:55:29.075+0000] {processor.py:186} INFO - Started process (PID=3944) to work on /opt/airflow/dags/common/constants.py
[2024-10-05T20:55:29.076+0000] {processor.py:914} INFO - Processing file /opt/airflow/dags/common/constants.py for tasks to queue
[2024-10-05T20:55:29.079+0000] {logging_mixin.py:190} INFO - [2024-10-05T20:55:29.079+0000] {dagbag.py:588} INFO - Filling up the DagBag from /opt/airflow/dags/common/constants.py
[2024-10-05T20:55:29.082+0000] {processor.py:927} WARNING - No viable dags retrieved from /opt/airflow/dags/common/constants.py
[2024-10-05T20:55:29.103+0000] {processor.py:208} INFO - Processing /opt/airflow/dags/common/constants.py took 0.035 seconds
[2024-10-05T20:55:59.693+0000] {processor.py:186} INFO - Started process (PID=3997) to work on /opt/airflow/dags/common/constants.py
[2024-10-05T20:55:59.694+0000] {processor.py:914} INFO - Processing file /opt/airflow/dags/common/constants.py for tasks to queue
[2024-10-05T20:55:59.696+0000] {logging_mixin.py:190} INFO - [2024-10-05T20:55:59.696+0000] {dagbag.py:588} INFO - Filling up the DagBag from /opt/airflow/dags/common/constants.py
[2024-10-05T20:55:59.698+0000] {processor.py:927} WARNING - No viable dags retrieved from /opt/airflow/dags/common/constants.py
[2024-10-05T20:55:59.717+0000] {processor.py:208} INFO - Processing /opt/airflow/dags/common/constants.py took 0.033 seconds
[2024-10-05T20:56:30.557+0000] {processor.py:186} INFO - Started process (PID=4050) to work on /opt/airflow/dags/common/constants.py
[2024-10-05T20:56:30.559+0000] {processor.py:914} INFO - Processing file /opt/airflow/dags/common/constants.py for tasks to queue
[2024-10-05T20:56:30.561+0000] {logging_mixin.py:190} INFO - [2024-10-05T20:56:30.560+0000] {dagbag.py:588} INFO - Filling up the DagBag from /opt/airflow/dags/common/constants.py
[2024-10-05T20:56:30.564+0000] {processor.py:927} WARNING - No viable dags retrieved from /opt/airflow/dags/common/constants.py
[2024-10-05T20:56:30.584+0000] {processor.py:208} INFO - Processing /opt/airflow/dags/common/constants.py took 0.037 seconds
[2024-10-05T20:57:01.216+0000] {processor.py:186} INFO - Started process (PID=4103) to work on /opt/airflow/dags/common/constants.py
[2024-10-05T20:57:01.217+0000] {processor.py:914} INFO - Processing file /opt/airflow/dags/common/constants.py for tasks to queue
[2024-10-05T20:57:01.218+0000] {logging_mixin.py:190} INFO - [2024-10-05T20:57:01.218+0000] {dagbag.py:588} INFO - Filling up the DagBag from /opt/airflow/dags/common/constants.py
[2024-10-05T20:57:01.220+0000] {processor.py:927} WARNING - No viable dags retrieved from /opt/airflow/dags/common/constants.py
[2024-10-05T20:57:01.238+0000] {processor.py:208} INFO - Processing /opt/airflow/dags/common/constants.py took 0.029 seconds
[2024-10-05T20:57:32.224+0000] {processor.py:186} INFO - Started process (PID=4156) to work on /opt/airflow/dags/common/constants.py
[2024-10-05T20:57:32.225+0000] {processor.py:914} INFO - Processing file /opt/airflow/dags/common/constants.py for tasks to queue
[2024-10-05T20:57:32.227+0000] {logging_mixin.py:190} INFO - [2024-10-05T20:57:32.226+0000] {dagbag.py:588} INFO - Filling up the DagBag from /opt/airflow/dags/common/constants.py
[2024-10-05T20:57:32.229+0000] {processor.py:927} WARNING - No viable dags retrieved from /opt/airflow/dags/common/constants.py
[2024-10-05T20:57:32.243+0000] {processor.py:208} INFO - Processing /opt/airflow/dags/common/constants.py took 0.027 seconds
[2024-10-05T20:58:02.825+0000] {processor.py:186} INFO - Started process (PID=4209) to work on /opt/airflow/dags/common/constants.py
[2024-10-05T20:58:02.826+0000] {processor.py:914} INFO - Processing file /opt/airflow/dags/common/constants.py for tasks to queue
[2024-10-05T20:58:02.828+0000] {logging_mixin.py:190} INFO - [2024-10-05T20:58:02.827+0000] {dagbag.py:588} INFO - Filling up the DagBag from /opt/airflow/dags/common/constants.py
[2024-10-05T20:58:02.830+0000] {processor.py:927} WARNING - No viable dags retrieved from /opt/airflow/dags/common/constants.py
[2024-10-05T20:58:02.855+0000] {processor.py:208} INFO - Processing /opt/airflow/dags/common/constants.py took 0.037 seconds
[2024-10-05T20:58:33.103+0000] {processor.py:186} INFO - Started process (PID=4262) to work on /opt/airflow/dags/common/constants.py
[2024-10-05T20:58:33.104+0000] {processor.py:914} INFO - Processing file /opt/airflow/dags/common/constants.py for tasks to queue
[2024-10-05T20:58:33.106+0000] {logging_mixin.py:190} INFO - [2024-10-05T20:58:33.105+0000] {dagbag.py:588} INFO - Filling up the DagBag from /opt/airflow/dags/common/constants.py
[2024-10-05T20:58:33.109+0000] {processor.py:927} WARNING - No viable dags retrieved from /opt/airflow/dags/common/constants.py
[2024-10-05T20:58:33.135+0000] {processor.py:208} INFO - Processing /opt/airflow/dags/common/constants.py took 0.043 seconds
[2024-10-05T20:59:03.488+0000] {processor.py:186} INFO - Started process (PID=4315) to work on /opt/airflow/dags/common/constants.py
[2024-10-05T20:59:03.489+0000] {processor.py:914} INFO - Processing file /opt/airflow/dags/common/constants.py for tasks to queue
[2024-10-05T20:59:03.491+0000] {logging_mixin.py:190} INFO - [2024-10-05T20:59:03.490+0000] {dagbag.py:588} INFO - Filling up the DagBag from /opt/airflow/dags/common/constants.py
[2024-10-05T20:59:03.493+0000] {processor.py:927} WARNING - No viable dags retrieved from /opt/airflow/dags/common/constants.py
[2024-10-05T20:59:03.510+0000] {processor.py:208} INFO - Processing /opt/airflow/dags/common/constants.py took 0.031 seconds
[2024-10-05T20:59:33.597+0000] {processor.py:186} INFO - Started process (PID=4368) to work on /opt/airflow/dags/common/constants.py
[2024-10-05T20:59:33.599+0000] {processor.py:914} INFO - Processing file /opt/airflow/dags/common/constants.py for tasks to queue
[2024-10-05T20:59:33.601+0000] {logging_mixin.py:190} INFO - [2024-10-05T20:59:33.600+0000] {dagbag.py:588} INFO - Filling up the DagBag from /opt/airflow/dags/common/constants.py
[2024-10-05T20:59:33.603+0000] {processor.py:927} WARNING - No viable dags retrieved from /opt/airflow/dags/common/constants.py
[2024-10-05T20:59:33.628+0000] {processor.py:208} INFO - Processing /opt/airflow/dags/common/constants.py took 0.043 seconds
[2024-10-05T21:00:04.262+0000] {processor.py:186} INFO - Started process (PID=4421) to work on /opt/airflow/dags/common/constants.py
[2024-10-05T21:00:04.263+0000] {processor.py:914} INFO - Processing file /opt/airflow/dags/common/constants.py for tasks to queue
[2024-10-05T21:00:04.265+0000] {logging_mixin.py:190} INFO - [2024-10-05T21:00:04.264+0000] {dagbag.py:588} INFO - Filling up the DagBag from /opt/airflow/dags/common/constants.py
[2024-10-05T21:00:04.267+0000] {processor.py:927} WARNING - No viable dags retrieved from /opt/airflow/dags/common/constants.py
[2024-10-05T21:00:04.287+0000] {processor.py:208} INFO - Processing /opt/airflow/dags/common/constants.py took 0.032 seconds
[2024-10-05T21:00:34.519+0000] {processor.py:186} INFO - Started process (PID=4474) to work on /opt/airflow/dags/common/constants.py
[2024-10-05T21:00:34.521+0000] {processor.py:914} INFO - Processing file /opt/airflow/dags/common/constants.py for tasks to queue
[2024-10-05T21:00:34.522+0000] {logging_mixin.py:190} INFO - [2024-10-05T21:00:34.522+0000] {dagbag.py:588} INFO - Filling up the DagBag from /opt/airflow/dags/common/constants.py
[2024-10-05T21:00:34.524+0000] {processor.py:927} WARNING - No viable dags retrieved from /opt/airflow/dags/common/constants.py
[2024-10-05T21:00:34.540+0000] {processor.py:208} INFO - Processing /opt/airflow/dags/common/constants.py took 0.030 seconds
[2024-10-05T21:01:05.293+0000] {processor.py:186} INFO - Started process (PID=4527) to work on /opt/airflow/dags/common/constants.py
[2024-10-05T21:01:05.295+0000] {processor.py:914} INFO - Processing file /opt/airflow/dags/common/constants.py for tasks to queue
[2024-10-05T21:01:05.296+0000] {logging_mixin.py:190} INFO - [2024-10-05T21:01:05.296+0000] {dagbag.py:588} INFO - Filling up the DagBag from /opt/airflow/dags/common/constants.py
[2024-10-05T21:01:05.298+0000] {processor.py:927} WARNING - No viable dags retrieved from /opt/airflow/dags/common/constants.py
[2024-10-05T21:01:05.315+0000] {processor.py:208} INFO - Processing /opt/airflow/dags/common/constants.py took 0.029 seconds
[2024-10-05T21:01:35.595+0000] {processor.py:186} INFO - Started process (PID=4580) to work on /opt/airflow/dags/common/constants.py
[2024-10-05T21:01:35.596+0000] {processor.py:914} INFO - Processing file /opt/airflow/dags/common/constants.py for tasks to queue
[2024-10-05T21:01:35.597+0000] {logging_mixin.py:190} INFO - [2024-10-05T21:01:35.596+0000] {dagbag.py:588} INFO - Filling up the DagBag from /opt/airflow/dags/common/constants.py
[2024-10-05T21:01:35.599+0000] {processor.py:927} WARNING - No viable dags retrieved from /opt/airflow/dags/common/constants.py
[2024-10-05T21:01:35.613+0000] {processor.py:208} INFO - Processing /opt/airflow/dags/common/constants.py took 0.028 seconds
[2024-10-05T21:02:06.119+0000] {processor.py:186} INFO - Started process (PID=4633) to work on /opt/airflow/dags/common/constants.py
[2024-10-05T21:02:06.121+0000] {processor.py:914} INFO - Processing file /opt/airflow/dags/common/constants.py for tasks to queue
[2024-10-05T21:02:06.123+0000] {logging_mixin.py:190} INFO - [2024-10-05T21:02:06.122+0000] {dagbag.py:588} INFO - Filling up the DagBag from /opt/airflow/dags/common/constants.py
[2024-10-05T21:02:06.126+0000] {processor.py:927} WARNING - No viable dags retrieved from /opt/airflow/dags/common/constants.py
[2024-10-05T21:02:06.147+0000] {processor.py:208} INFO - Processing /opt/airflow/dags/common/constants.py took 0.036 seconds
[2024-10-05T21:02:36.347+0000] {processor.py:186} INFO - Started process (PID=4686) to work on /opt/airflow/dags/common/constants.py
[2024-10-05T21:02:36.349+0000] {processor.py:914} INFO - Processing file /opt/airflow/dags/common/constants.py for tasks to queue
[2024-10-05T21:02:36.350+0000] {logging_mixin.py:190} INFO - [2024-10-05T21:02:36.350+0000] {dagbag.py:588} INFO - Filling up the DagBag from /opt/airflow/dags/common/constants.py
[2024-10-05T21:02:36.353+0000] {processor.py:927} WARNING - No viable dags retrieved from /opt/airflow/dags/common/constants.py
[2024-10-05T21:02:36.373+0000] {processor.py:208} INFO - Processing /opt/airflow/dags/common/constants.py took 0.036 seconds
[2024-10-05T21:03:07.082+0000] {processor.py:186} INFO - Started process (PID=4739) to work on /opt/airflow/dags/common/constants.py
[2024-10-05T21:03:07.084+0000] {processor.py:914} INFO - Processing file /opt/airflow/dags/common/constants.py for tasks to queue
[2024-10-05T21:03:07.086+0000] {logging_mixin.py:190} INFO - [2024-10-05T21:03:07.085+0000] {dagbag.py:588} INFO - Filling up the DagBag from /opt/airflow/dags/common/constants.py
[2024-10-05T21:03:07.089+0000] {processor.py:927} WARNING - No viable dags retrieved from /opt/airflow/dags/common/constants.py
[2024-10-05T21:03:07.107+0000] {processor.py:208} INFO - Processing /opt/airflow/dags/common/constants.py took 0.037 seconds
[2024-10-05T21:03:37.815+0000] {processor.py:186} INFO - Started process (PID=4789) to work on /opt/airflow/dags/common/constants.py
[2024-10-05T21:03:37.817+0000] {processor.py:914} INFO - Processing file /opt/airflow/dags/common/constants.py for tasks to queue
[2024-10-05T21:03:37.819+0000] {logging_mixin.py:190} INFO - [2024-10-05T21:03:37.818+0000] {dagbag.py:588} INFO - Filling up the DagBag from /opt/airflow/dags/common/constants.py
[2024-10-05T21:03:37.821+0000] {processor.py:927} WARNING - No viable dags retrieved from /opt/airflow/dags/common/constants.py
[2024-10-05T21:03:37.838+0000] {processor.py:208} INFO - Processing /opt/airflow/dags/common/constants.py took 0.031 seconds
[2024-10-05T21:04:08.177+0000] {processor.py:186} INFO - Started process (PID=4839) to work on /opt/airflow/dags/common/constants.py
[2024-10-05T21:04:08.179+0000] {processor.py:914} INFO - Processing file /opt/airflow/dags/common/constants.py for tasks to queue
[2024-10-05T21:04:08.180+0000] {logging_mixin.py:190} INFO - [2024-10-05T21:04:08.180+0000] {dagbag.py:588} INFO - Filling up the DagBag from /opt/airflow/dags/common/constants.py
[2024-10-05T21:04:08.183+0000] {processor.py:927} WARNING - No viable dags retrieved from /opt/airflow/dags/common/constants.py
[2024-10-05T21:04:08.199+0000] {processor.py:208} INFO - Processing /opt/airflow/dags/common/constants.py took 0.030 seconds
[2024-10-05T21:04:38.307+0000] {processor.py:186} INFO - Started process (PID=4889) to work on /opt/airflow/dags/common/constants.py
[2024-10-05T21:04:38.308+0000] {processor.py:914} INFO - Processing file /opt/airflow/dags/common/constants.py for tasks to queue
[2024-10-05T21:04:38.309+0000] {logging_mixin.py:190} INFO - [2024-10-05T21:04:38.309+0000] {dagbag.py:588} INFO - Filling up the DagBag from /opt/airflow/dags/common/constants.py
[2024-10-05T21:04:38.311+0000] {processor.py:927} WARNING - No viable dags retrieved from /opt/airflow/dags/common/constants.py
[2024-10-05T21:04:38.331+0000] {processor.py:208} INFO - Processing /opt/airflow/dags/common/constants.py took 0.034 seconds
[2024-10-05T21:05:08.431+0000] {processor.py:186} INFO - Started process (PID=4937) to work on /opt/airflow/dags/common/constants.py
[2024-10-05T21:05:08.432+0000] {processor.py:914} INFO - Processing file /opt/airflow/dags/common/constants.py for tasks to queue
[2024-10-05T21:05:08.433+0000] {logging_mixin.py:190} INFO - [2024-10-05T21:05:08.433+0000] {dagbag.py:588} INFO - Filling up the DagBag from /opt/airflow/dags/common/constants.py
[2024-10-05T21:05:08.436+0000] {processor.py:927} WARNING - No viable dags retrieved from /opt/airflow/dags/common/constants.py
[2024-10-05T21:05:08.451+0000] {processor.py:208} INFO - Processing /opt/airflow/dags/common/constants.py took 0.028 seconds
[2024-10-05T21:05:38.632+0000] {processor.py:186} INFO - Started process (PID=4987) to work on /opt/airflow/dags/common/constants.py
[2024-10-05T21:05:38.633+0000] {processor.py:914} INFO - Processing file /opt/airflow/dags/common/constants.py for tasks to queue
[2024-10-05T21:05:38.635+0000] {logging_mixin.py:190} INFO - [2024-10-05T21:05:38.634+0000] {dagbag.py:588} INFO - Filling up the DagBag from /opt/airflow/dags/common/constants.py
[2024-10-05T21:05:38.637+0000] {processor.py:927} WARNING - No viable dags retrieved from /opt/airflow/dags/common/constants.py
[2024-10-05T21:05:38.655+0000] {processor.py:208} INFO - Processing /opt/airflow/dags/common/constants.py took 0.034 seconds
[2024-10-05T21:06:09.312+0000] {processor.py:186} INFO - Started process (PID=5045) to work on /opt/airflow/dags/common/constants.py
[2024-10-05T21:06:09.314+0000] {processor.py:914} INFO - Processing file /opt/airflow/dags/common/constants.py for tasks to queue
[2024-10-05T21:06:09.315+0000] {logging_mixin.py:190} INFO - [2024-10-05T21:06:09.315+0000] {dagbag.py:588} INFO - Filling up the DagBag from /opt/airflow/dags/common/constants.py
[2024-10-05T21:06:09.318+0000] {processor.py:927} WARNING - No viable dags retrieved from /opt/airflow/dags/common/constants.py
[2024-10-05T21:06:09.345+0000] {processor.py:208} INFO - Processing /opt/airflow/dags/common/constants.py took 0.047 seconds
[2024-10-05T21:06:39.703+0000] {processor.py:186} INFO - Started process (PID=5096) to work on /opt/airflow/dags/common/constants.py
[2024-10-05T21:06:39.704+0000] {processor.py:914} INFO - Processing file /opt/airflow/dags/common/constants.py for tasks to queue
[2024-10-05T21:06:39.706+0000] {logging_mixin.py:190} INFO - [2024-10-05T21:06:39.706+0000] {dagbag.py:588} INFO - Filling up the DagBag from /opt/airflow/dags/common/constants.py
[2024-10-05T21:06:39.710+0000] {processor.py:927} WARNING - No viable dags retrieved from /opt/airflow/dags/common/constants.py
[2024-10-05T21:06:39.731+0000] {processor.py:208} INFO - Processing /opt/airflow/dags/common/constants.py took 0.036 seconds
[2024-10-05T21:07:10.015+0000] {processor.py:186} INFO - Started process (PID=5145) to work on /opt/airflow/dags/common/constants.py
[2024-10-05T21:07:10.017+0000] {processor.py:914} INFO - Processing file /opt/airflow/dags/common/constants.py for tasks to queue
[2024-10-05T21:07:10.018+0000] {logging_mixin.py:190} INFO - [2024-10-05T21:07:10.018+0000] {dagbag.py:588} INFO - Filling up the DagBag from /opt/airflow/dags/common/constants.py
[2024-10-05T21:07:10.021+0000] {processor.py:927} WARNING - No viable dags retrieved from /opt/airflow/dags/common/constants.py
[2024-10-05T21:07:10.050+0000] {processor.py:208} INFO - Processing /opt/airflow/dags/common/constants.py took 0.053 seconds
[2024-10-05T21:07:40.267+0000] {processor.py:186} INFO - Started process (PID=5199) to work on /opt/airflow/dags/common/constants.py
[2024-10-05T21:07:40.268+0000] {processor.py:914} INFO - Processing file /opt/airflow/dags/common/constants.py for tasks to queue
[2024-10-05T21:07:40.270+0000] {logging_mixin.py:190} INFO - [2024-10-05T21:07:40.269+0000] {dagbag.py:588} INFO - Filling up the DagBag from /opt/airflow/dags/common/constants.py
[2024-10-05T21:07:40.272+0000] {processor.py:927} WARNING - No viable dags retrieved from /opt/airflow/dags/common/constants.py
[2024-10-05T21:07:40.294+0000] {processor.py:208} INFO - Processing /opt/airflow/dags/common/constants.py took 0.036 seconds
[2024-10-05T21:08:10.555+0000] {processor.py:186} INFO - Started process (PID=5252) to work on /opt/airflow/dags/common/constants.py
[2024-10-05T21:08:10.556+0000] {processor.py:914} INFO - Processing file /opt/airflow/dags/common/constants.py for tasks to queue
[2024-10-05T21:08:10.558+0000] {logging_mixin.py:190} INFO - [2024-10-05T21:08:10.557+0000] {dagbag.py:588} INFO - Filling up the DagBag from /opt/airflow/dags/common/constants.py
[2024-10-05T21:08:10.563+0000] {processor.py:927} WARNING - No viable dags retrieved from /opt/airflow/dags/common/constants.py
[2024-10-05T21:08:10.583+0000] {processor.py:208} INFO - Processing /opt/airflow/dags/common/constants.py took 0.037 seconds
[2024-10-05T21:08:40.809+0000] {processor.py:186} INFO - Started process (PID=5305) to work on /opt/airflow/dags/common/constants.py
[2024-10-05T21:08:40.810+0000] {processor.py:914} INFO - Processing file /opt/airflow/dags/common/constants.py for tasks to queue
[2024-10-05T21:08:40.812+0000] {logging_mixin.py:190} INFO - [2024-10-05T21:08:40.812+0000] {dagbag.py:588} INFO - Filling up the DagBag from /opt/airflow/dags/common/constants.py
[2024-10-05T21:08:40.815+0000] {processor.py:927} WARNING - No viable dags retrieved from /opt/airflow/dags/common/constants.py
[2024-10-05T21:08:40.833+0000] {processor.py:208} INFO - Processing /opt/airflow/dags/common/constants.py took 0.033 seconds
[2024-10-05T21:09:11.872+0000] {processor.py:186} INFO - Started process (PID=5361) to work on /opt/airflow/dags/common/constants.py
[2024-10-05T21:09:11.874+0000] {processor.py:914} INFO - Processing file /opt/airflow/dags/common/constants.py for tasks to queue
[2024-10-05T21:09:11.876+0000] {logging_mixin.py:190} INFO - [2024-10-05T21:09:11.876+0000] {dagbag.py:588} INFO - Filling up the DagBag from /opt/airflow/dags/common/constants.py
[2024-10-05T21:09:11.879+0000] {processor.py:927} WARNING - No viable dags retrieved from /opt/airflow/dags/common/constants.py
[2024-10-05T21:09:11.898+0000] {processor.py:208} INFO - Processing /opt/airflow/dags/common/constants.py took 0.038 seconds
[2024-10-05T21:09:42.883+0000] {processor.py:186} INFO - Started process (PID=5414) to work on /opt/airflow/dags/common/constants.py
[2024-10-05T21:09:42.884+0000] {processor.py:914} INFO - Processing file /opt/airflow/dags/common/constants.py for tasks to queue
[2024-10-05T21:09:42.885+0000] {logging_mixin.py:190} INFO - [2024-10-05T21:09:42.885+0000] {dagbag.py:588} INFO - Filling up the DagBag from /opt/airflow/dags/common/constants.py
[2024-10-05T21:09:42.887+0000] {processor.py:927} WARNING - No viable dags retrieved from /opt/airflow/dags/common/constants.py
[2024-10-05T21:09:42.905+0000] {processor.py:208} INFO - Processing /opt/airflow/dags/common/constants.py took 0.030 seconds
[2024-10-05T21:10:13.685+0000] {processor.py:186} INFO - Started process (PID=5469) to work on /opt/airflow/dags/common/constants.py
[2024-10-05T21:10:13.687+0000] {processor.py:914} INFO - Processing file /opt/airflow/dags/common/constants.py for tasks to queue
[2024-10-05T21:10:13.690+0000] {logging_mixin.py:190} INFO - [2024-10-05T21:10:13.690+0000] {dagbag.py:588} INFO - Filling up the DagBag from /opt/airflow/dags/common/constants.py
[2024-10-05T21:10:13.693+0000] {processor.py:927} WARNING - No viable dags retrieved from /opt/airflow/dags/common/constants.py
[2024-10-05T21:10:13.726+0000] {processor.py:208} INFO - Processing /opt/airflow/dags/common/constants.py took 0.057 seconds
[2024-10-05T21:10:43.854+0000] {processor.py:186} INFO - Started process (PID=5520) to work on /opt/airflow/dags/common/constants.py
[2024-10-05T21:10:43.855+0000] {processor.py:914} INFO - Processing file /opt/airflow/dags/common/constants.py for tasks to queue
[2024-10-05T21:10:43.857+0000] {logging_mixin.py:190} INFO - [2024-10-05T21:10:43.856+0000] {dagbag.py:588} INFO - Filling up the DagBag from /opt/airflow/dags/common/constants.py
[2024-10-05T21:10:43.859+0000] {processor.py:927} WARNING - No viable dags retrieved from /opt/airflow/dags/common/constants.py
[2024-10-05T21:10:43.876+0000] {processor.py:208} INFO - Processing /opt/airflow/dags/common/constants.py took 0.031 seconds
[2024-10-05T21:11:14.066+0000] {processor.py:186} INFO - Started process (PID=5573) to work on /opt/airflow/dags/common/constants.py
[2024-10-05T21:11:14.068+0000] {processor.py:914} INFO - Processing file /opt/airflow/dags/common/constants.py for tasks to queue
[2024-10-05T21:11:14.070+0000] {logging_mixin.py:190} INFO - [2024-10-05T21:11:14.069+0000] {dagbag.py:588} INFO - Filling up the DagBag from /opt/airflow/dags/common/constants.py
[2024-10-05T21:11:14.073+0000] {processor.py:927} WARNING - No viable dags retrieved from /opt/airflow/dags/common/constants.py
[2024-10-05T21:11:14.099+0000] {processor.py:208} INFO - Processing /opt/airflow/dags/common/constants.py took 0.044 seconds
[2024-10-05T21:11:44.847+0000] {processor.py:186} INFO - Started process (PID=5626) to work on /opt/airflow/dags/common/constants.py
[2024-10-05T21:11:44.851+0000] {processor.py:914} INFO - Processing file /opt/airflow/dags/common/constants.py for tasks to queue
[2024-10-05T21:11:44.852+0000] {logging_mixin.py:190} INFO - [2024-10-05T21:11:44.852+0000] {dagbag.py:588} INFO - Filling up the DagBag from /opt/airflow/dags/common/constants.py
[2024-10-05T21:11:44.855+0000] {processor.py:927} WARNING - No viable dags retrieved from /opt/airflow/dags/common/constants.py
[2024-10-05T21:11:44.878+0000] {processor.py:208} INFO - Processing /opt/airflow/dags/common/constants.py took 0.043 seconds
[2024-10-05T21:12:15.108+0000] {processor.py:186} INFO - Started process (PID=5676) to work on /opt/airflow/dags/common/constants.py
[2024-10-05T21:12:15.109+0000] {processor.py:914} INFO - Processing file /opt/airflow/dags/common/constants.py for tasks to queue
[2024-10-05T21:12:15.111+0000] {logging_mixin.py:190} INFO - [2024-10-05T21:12:15.110+0000] {dagbag.py:588} INFO - Filling up the DagBag from /opt/airflow/dags/common/constants.py
[2024-10-05T21:12:15.113+0000] {processor.py:927} WARNING - No viable dags retrieved from /opt/airflow/dags/common/constants.py
[2024-10-05T21:12:15.128+0000] {processor.py:208} INFO - Processing /opt/airflow/dags/common/constants.py took 0.028 seconds
[2024-10-05T21:12:46.110+0000] {processor.py:186} INFO - Started process (PID=5734) to work on /opt/airflow/dags/common/constants.py
[2024-10-05T21:12:46.112+0000] {processor.py:914} INFO - Processing file /opt/airflow/dags/common/constants.py for tasks to queue
[2024-10-05T21:12:46.113+0000] {logging_mixin.py:190} INFO - [2024-10-05T21:12:46.113+0000] {dagbag.py:588} INFO - Filling up the DagBag from /opt/airflow/dags/common/constants.py
[2024-10-05T21:12:46.116+0000] {processor.py:927} WARNING - No viable dags retrieved from /opt/airflow/dags/common/constants.py
[2024-10-05T21:12:46.134+0000] {processor.py:208} INFO - Processing /opt/airflow/dags/common/constants.py took 0.033 seconds
[2024-10-05T21:13:17.090+0000] {processor.py:186} INFO - Started process (PID=5787) to work on /opt/airflow/dags/common/constants.py
[2024-10-05T21:13:17.091+0000] {processor.py:914} INFO - Processing file /opt/airflow/dags/common/constants.py for tasks to queue
[2024-10-05T21:13:17.093+0000] {logging_mixin.py:190} INFO - [2024-10-05T21:13:17.093+0000] {dagbag.py:588} INFO - Filling up the DagBag from /opt/airflow/dags/common/constants.py
[2024-10-05T21:13:17.096+0000] {processor.py:927} WARNING - No viable dags retrieved from /opt/airflow/dags/common/constants.py
[2024-10-05T21:13:17.123+0000] {processor.py:208} INFO - Processing /opt/airflow/dags/common/constants.py took 0.036 seconds
[2024-10-05T21:13:47.306+0000] {processor.py:186} INFO - Started process (PID=5840) to work on /opt/airflow/dags/common/constants.py
[2024-10-05T21:13:47.307+0000] {processor.py:914} INFO - Processing file /opt/airflow/dags/common/constants.py for tasks to queue
[2024-10-05T21:13:47.309+0000] {logging_mixin.py:190} INFO - [2024-10-05T21:13:47.308+0000] {dagbag.py:588} INFO - Filling up the DagBag from /opt/airflow/dags/common/constants.py
[2024-10-05T21:13:47.311+0000] {processor.py:927} WARNING - No viable dags retrieved from /opt/airflow/dags/common/constants.py
[2024-10-05T21:13:47.331+0000] {processor.py:208} INFO - Processing /opt/airflow/dags/common/constants.py took 0.037 seconds
[2024-10-05T21:14:18.338+0000] {processor.py:186} INFO - Started process (PID=5891) to work on /opt/airflow/dags/common/constants.py
[2024-10-05T21:14:18.339+0000] {processor.py:914} INFO - Processing file /opt/airflow/dags/common/constants.py for tasks to queue
[2024-10-05T21:14:18.340+0000] {logging_mixin.py:190} INFO - [2024-10-05T21:14:18.340+0000] {dagbag.py:588} INFO - Filling up the DagBag from /opt/airflow/dags/common/constants.py
[2024-10-05T21:14:18.342+0000] {processor.py:927} WARNING - No viable dags retrieved from /opt/airflow/dags/common/constants.py
[2024-10-05T21:14:18.371+0000] {processor.py:208} INFO - Processing /opt/airflow/dags/common/constants.py took 0.041 seconds
[2024-10-05T21:14:48.828+0000] {processor.py:186} INFO - Started process (PID=5943) to work on /opt/airflow/dags/common/constants.py
[2024-10-05T21:14:48.830+0000] {processor.py:914} INFO - Processing file /opt/airflow/dags/common/constants.py for tasks to queue
[2024-10-05T21:14:48.831+0000] {logging_mixin.py:190} INFO - [2024-10-05T21:14:48.831+0000] {dagbag.py:588} INFO - Filling up the DagBag from /opt/airflow/dags/common/constants.py
[2024-10-05T21:14:48.833+0000] {processor.py:927} WARNING - No viable dags retrieved from /opt/airflow/dags/common/constants.py
[2024-10-05T21:14:48.851+0000] {processor.py:208} INFO - Processing /opt/airflow/dags/common/constants.py took 0.032 seconds
[2024-10-05T21:15:19.583+0000] {processor.py:186} INFO - Started process (PID=5990) to work on /opt/airflow/dags/common/constants.py
[2024-10-05T21:15:19.584+0000] {processor.py:914} INFO - Processing file /opt/airflow/dags/common/constants.py for tasks to queue
[2024-10-05T21:15:19.586+0000] {logging_mixin.py:190} INFO - [2024-10-05T21:15:19.585+0000] {dagbag.py:588} INFO - Filling up the DagBag from /opt/airflow/dags/common/constants.py
[2024-10-05T21:15:19.589+0000] {processor.py:927} WARNING - No viable dags retrieved from /opt/airflow/dags/common/constants.py
[2024-10-05T21:15:19.604+0000] {processor.py:208} INFO - Processing /opt/airflow/dags/common/constants.py took 0.030 seconds
[2024-10-05T21:15:49.746+0000] {processor.py:186} INFO - Started process (PID=6037) to work on /opt/airflow/dags/common/constants.py
[2024-10-05T21:15:49.748+0000] {processor.py:914} INFO - Processing file /opt/airflow/dags/common/constants.py for tasks to queue
[2024-10-05T21:15:49.751+0000] {logging_mixin.py:190} INFO - [2024-10-05T21:15:49.750+0000] {dagbag.py:588} INFO - Filling up the DagBag from /opt/airflow/dags/common/constants.py
[2024-10-05T21:15:49.755+0000] {processor.py:927} WARNING - No viable dags retrieved from /opt/airflow/dags/common/constants.py
[2024-10-05T21:15:49.777+0000] {processor.py:208} INFO - Processing /opt/airflow/dags/common/constants.py took 0.045 seconds
[2024-10-05T21:16:19.877+0000] {processor.py:186} INFO - Started process (PID=6085) to work on /opt/airflow/dags/common/constants.py
[2024-10-05T21:16:19.878+0000] {processor.py:914} INFO - Processing file /opt/airflow/dags/common/constants.py for tasks to queue
[2024-10-05T21:16:19.880+0000] {logging_mixin.py:190} INFO - [2024-10-05T21:16:19.879+0000] {dagbag.py:588} INFO - Filling up the DagBag from /opt/airflow/dags/common/constants.py
[2024-10-05T21:16:19.883+0000] {processor.py:927} WARNING - No viable dags retrieved from /opt/airflow/dags/common/constants.py
[2024-10-05T21:16:19.899+0000] {processor.py:208} INFO - Processing /opt/airflow/dags/common/constants.py took 0.033 seconds
[2024-10-05T21:16:50.889+0000] {processor.py:186} INFO - Started process (PID=6145) to work on /opt/airflow/dags/common/constants.py
[2024-10-05T21:16:50.890+0000] {processor.py:914} INFO - Processing file /opt/airflow/dags/common/constants.py for tasks to queue
[2024-10-05T21:16:50.892+0000] {logging_mixin.py:190} INFO - [2024-10-05T21:16:50.891+0000] {dagbag.py:588} INFO - Filling up the DagBag from /opt/airflow/dags/common/constants.py
[2024-10-05T21:16:50.894+0000] {processor.py:927} WARNING - No viable dags retrieved from /opt/airflow/dags/common/constants.py
[2024-10-05T21:16:50.910+0000] {processor.py:208} INFO - Processing /opt/airflow/dags/common/constants.py took 0.028 seconds
[2024-10-05T21:17:21.188+0000] {processor.py:186} INFO - Started process (PID=6198) to work on /opt/airflow/dags/common/constants.py
[2024-10-05T21:17:21.189+0000] {processor.py:914} INFO - Processing file /opt/airflow/dags/common/constants.py for tasks to queue
[2024-10-05T21:17:21.191+0000] {logging_mixin.py:190} INFO - [2024-10-05T21:17:21.191+0000] {dagbag.py:588} INFO - Filling up the DagBag from /opt/airflow/dags/common/constants.py
[2024-10-05T21:17:21.194+0000] {processor.py:927} WARNING - No viable dags retrieved from /opt/airflow/dags/common/constants.py
[2024-10-05T21:17:21.215+0000] {processor.py:208} INFO - Processing /opt/airflow/dags/common/constants.py took 0.035 seconds
[2024-10-05T21:17:51.336+0000] {processor.py:186} INFO - Started process (PID=6249) to work on /opt/airflow/dags/common/constants.py
[2024-10-05T21:17:51.337+0000] {processor.py:914} INFO - Processing file /opt/airflow/dags/common/constants.py for tasks to queue
[2024-10-05T21:17:51.339+0000] {logging_mixin.py:190} INFO - [2024-10-05T21:17:51.338+0000] {dagbag.py:588} INFO - Filling up the DagBag from /opt/airflow/dags/common/constants.py
[2024-10-05T21:17:51.341+0000] {processor.py:927} WARNING - No viable dags retrieved from /opt/airflow/dags/common/constants.py
[2024-10-05T21:17:51.361+0000] {processor.py:208} INFO - Processing /opt/airflow/dags/common/constants.py took 0.033 seconds
